ISim log file
Running: C:\Users\Parteek Khushdil\Documents\GitHub\AHD-Project-2016\VHDL Code\RC5\IDecode_isim_beh.exe -intstyle ise -gui -tclbatch isim.cmd -wdb C:/Users/Parteek Khushdil/Documents/GitHub/AHD-Project-2016/VHDL Code/RC5/IDecode_isim_beh.wdb 
ISim P.20131013 (signature 0x7708f090)
WARNING: A WEBPACK license was found.
WARNING: Please use Xilinx License Configuration Manager to check out a full ISim license.
WARNING: ISim will run in Lite mode. Please refer to the ISim documentation for more information on the differences between the Lite and the Full version.
This is a Lite version of ISim.
Time resolution is 1 ps
# onerror resume
# wave add /
# run 1000 ns
Simulator is doing circuit initialization process.
at 0 ps, Instance /idecode/ : Warning: There is an 'U'|'X'|'W'|'Z'|'-' in an arithmetic operand, the result will be 'X'(es).
at 0 ps, Instance /idecode/ : Warning: CONV_INTEGER: There is an 'U'|'X'|'W'|'Z'|'-' in an arithmetic operand, and it has been converted to 0.
at 0 ps, Instance /idecode/ : Warning: CONV_INTEGER: There is an 'U'|'X'|'W'|'Z'|'-' in an arithmetic operand, and it has been converted to 0.
Finished circuit initialization process.
# restart
# isim force add /idecode/instruction 00000000001000100001100000000000 -radix bin
# isim force add /idecode/write_data 00000fff -radix hex
# isim force add /idecode/writeen 1 -radix bin
# isim force add /idecode/rtype 1 -radix bin
# run 10ns
Simulator is doing circuit initialization process.
at 0 ps, Instance /idecode/ : Warning: CONV_INTEGER: There is an 'U'|'X'|'W'|'Z'|'-' in an arithmetic operand, and it has been converted to 0.
at 0 ps, Instance /idecode/ : Warning: CONV_INTEGER: There is an 'U'|'X'|'W'|'Z'|'-' in an arithmetic operand, and it has been converted to 0.
Finished circuit initialization process.
# isim force add /idecode/clk 0 -radix bin -value 1 -radix bin -time 5 ns -repeat 10 ns
# run 10ns
# isim force add /idecode/instruction 00011100001000100000000000000011 -radix bin
# isim force add /idecode/write_data 00000001 -radix hex
# isim force add /idecode/lw 1 -radix bin
# isim force remove /idecode/rtype
# run 10ns
