Command line:
   TopModule_isim_par.exe
     -simmode  gui
     -sdfmax  /TopModule/=netgen/par/TopModule_timesim.sdf
     -sdfroot  /
     -simrunnum  1
     -socket  52069

Sun Dec 11 19:50:09 2016


 Elaboration Time: 0.359375 sec

 Current Memory Usage: 872.735 Meg

 Total Signals          : 8657
 Total Nets             : 5529
 Total Signal Drivers   : 4545
 Total Blocks           : 1548
 Total Primitive Blocks : 836
 Total Processes        : 4539
 Total Traceable Variables  : 10210
 Total Scalar Nets and Variables : 68851
Total Line Count : 10341
Total Line Count : 10341

 Total Simulation Time: 0.96875 sec

 Current Memory Usage: 715.448 Meg

Sun Dec 11 19:56:06 2016

