Command line:
   ControlUnit_isim_beh.exe
     -simmode  gui
     -simrunnum  0
     -socket  56214

Tue Dec 13 02:01:39 2016


 Elaboration Time: 0.046875 sec

 Current Memory Usage: 842.314 Meg

 Total Signals          : 51
 Total Nets             : 365
 Total Signal Drivers   : 42
 Total Blocks           : 5
 Total Primitive Blocks : 5
 Total Processes        : 42
 Total Traceable Variables  : 15
 Total Scalar Nets and Variables : 866
Total Line Count : 61

 Total Simulation Time: 0.09375 sec

 Current Memory Usage: 842.314 Meg

Tue Dec 13 02:01:53 2016

