Command line:
   IDecode_isim_beh.exe
     -simmode  gui
     -simrunnum  0
     -socket  60149

Thu Dec 08 13:59:42 2016


 Elaboration Time: 0.0625 sec

 Current Memory Usage: 841.695 Meg

 Total Signals          : 23
 Total Nets             : 1329
 Total Signal Drivers   : 11
 Total Blocks           : 4
 Total Primitive Blocks : 4
 Total Processes        : 11
 Total Traceable Variables  : 10
 Total Scalar Nets and Variables : 1707
Total Line Count : 13

 Total Simulation Time: 0.140625 sec

 Current Memory Usage: 684.409 Meg

Thu Dec 08 14:01:53 2016

